<?xml version="1.0" encoding="UTF-8"?>
<!-- Generated by org.testng.reporters.JUnitReportReporter -->
<testsuite skipped="0" hostname="MacBooks-MacBook-Pro.local" name="mavenforjenkins.Test1" tests="1" failures="0" timestamp="2021-06-12T13:13:37 PST" time="6.135" errors="0">
  <testcase name="startBrowser" time="6.135" classname="mavenforjenkins.Test1"/>
  <system-out/>
</testsuite> <!-- mavenforjenkins.Test1 -->
