<?xml version="1.0" encoding="UTF-8"?>
<!-- Generated by org.testng.reporters.JUnitReportReporter -->
<testsuite hostname="MacBooks-MacBook-Pro.local" failures="0" tests="1" name="Test1" time="9.881" errors="0" timestamp="2021-06-12T10:15:46 PST" skipped="0">
  <testcase classname="Test1" name="startBrowser" time="9.881"/>
  <system-out/>
</testsuite> <!-- Test1 -->
